[⠒] Compiling...
No files changed, compilation skipped
2024-04-04T15:45:40.317634Z ERROR etherscan: Failed to deserialize response: data did not match any variant of untagged enum ResponseData res="{\"message\":\"OK\",\"result\":[{\"Address\":\"0x7109709ecfa91a80626ff3989d68f67f5b1dd12d\"}],\"status\":\"1\"}"
2024-04-04T15:45:40.317743Z ERROR etherscan: Failed to deserialize response: data did not match any variant of untagged enum ResponseData res="{\"message\":\"OK\",\"result\":[{\"Address\":\"0x000000000000000000636f6e736f6c652e6c6f67\"}],\"status\":\"1\"}"
Script ran successfully.

== Return ==
router: contract UniversalRouter 0xA18019E62f266C2E17e33398448e4105324e0d0F

== Logs ==
  Permit2 Deployed: 0xB952578f3520EE8Ea45b7914994dcf4702cEe578
  UnsupportedProtocol deployed: 0xd3623E3574b319D76Db82A0603A98dfA995725bD
  permit2: 0xB952578f3520EE8Ea45b7914994dcf4702cEe578
  weth9: 0x0C8aFD1b58aa2A5bAd2414B861D8A7fF898eDC3A
  seaportV1_5: 0xd3623E3574b319D76Db82A0603A98dfA995725bD
  seaportV1_4: 0xd3623E3574b319D76Db82A0603A98dfA995725bD
  openseaConduit: 0xd3623E3574b319D76Db82A0603A98dfA995725bD
  nftxZap: 0xd3623E3574b319D76Db82A0603A98dfA995725bD
  x2y2: 0xd3623E3574b319D76Db82A0603A98dfA995725bD
  foundation: 0xd3623E3574b319D76Db82A0603A98dfA995725bD
  sudoswap: 0xd3623E3574b319D76Db82A0603A98dfA995725bD
  elementMarket: 0xd3623E3574b319D76Db82A0603A98dfA995725bD
  nft20Zap: 0xd3623E3574b319D76Db82A0603A98dfA995725bD
  cryptopunks: 0xd3623E3574b319D76Db82A0603A98dfA995725bD
  looksRareV2: 0xd3623E3574b319D76Db82A0603A98dfA995725bD
  routerRewardsDistributor: 0xd3623E3574b319D76Db82A0603A98dfA995725bD
  looksRareRewardsDistributor: 0xd3623E3574b319D76Db82A0603A98dfA995725bD
  looksRareToken: 0xd3623E3574b319D76Db82A0603A98dfA995725bD
  v2Factory: 0xd3623E3574b319D76Db82A0603A98dfA995725bD
  v3Factory: 0xc2f8037a31a4f12b07d20D3f382b1aA03c94519B
  Universal Router Deployed: 0xA18019E62f266C2E17e33398448e4105324e0d0F

## Setting up 1 EVM.

==========================

Chain 743111

Estimated gas price: 3.0000001 gwei

Estimated total gas used for script: 8231856

Estimated amount required: 0.0246955688231856 ETH

==========================

###
Finding wallets for all the necessary addresses...
##
Sending transactions [0 - 2].
⠙ [00:00:00] [##########################################################################################################################################################] 3/3 txes (0.0s)
Transactions saved to: /Users/rohit/Workspace/bloq/universal-router/broadcast/DeployHemiTestnet.s.sol/743111/run-latest.json

Sensitive values saved to: /Users/rohit/Workspace/bloq/universal-router/cache/DeployHemiTestnet.s.sol/743111/run-latest.json

##
Waiting for receipts.
⠚ [00:00:06] [######################################################################################################################################################] 3/3 receipts (0.0s)
##### 743111
✅  [Success]Hash: 0x106711b5d932d3d6132e5f4601bf00544e80fad8f168b7dc5363f2478a037b5d
Block: 344561
Paid: 0.00610222510170375 ETH (2034075 gas * 3.00000005 gwei)


##### 743111
✅  [Success]Hash: 0xf41895efcb30aaedea1ede60e400d867b73569ddc90001093719f4ab50545f24
Contract Address: 0xd3623E3574b319D76Db82A0603A98dfA995725bD
Block: 344561
Paid: 0.00022927500382125 ETH (76425 gas * 3.00000005 gwei)


##### 743111
✅  [Success]Hash: 0x0ec6c23f017794f62aad39482e9bd360d788cce83a807f25fbfbc7097029b149
Contract Address: 0xA18019E62f266C2E17e33398448e4105324e0d0F
Block: 344561
Paid: 0.01190231719837195 ETH (3967439 gas * 3.00000005 gwei)


Transactions saved to: /Users/rohit/Workspace/bloq/universal-router/broadcast/DeployHemiTestnet.s.sol/743111/run-latest.json

Sensitive values saved to: /Users/rohit/Workspace/bloq/universal-router/cache/DeployHemiTestnet.s.sol/743111/run-latest.json



==========================

ONCHAIN EXECUTION COMPLETE & SUCCESSFUL.
Total Paid: 0.01823381730389695 ETH (6077939 gas * avg 3.00000005 gwei)
##
Start verification for (3) contracts
Start verifying contract `0xB952578f3520EE8Ea45b7914994dcf4702cEe578` deployed on 743111

Submitting verification for [lib/permit2/src/Permit2.sol:Permit2] 0xB952578f3520EE8Ea45b7914994dcf4702cEe578.
Submitted contract for verification:
        Response: `OK`
        GUID: `b952578f3520ee8ea45b7914994dcf4702cee578660ecb30`
        URL:
        https://testnet.explorer.hemi.xyz/api?/address/0xb952578f3520ee8ea45b7914994dcf4702cee578
Contract verification status:
Response: `OK`
Details: `Pending in queue`
Contract verification status:
Response: `OK`
Details: `Pending in queue`
Contract verification status:
Response: `OK`
Details: `Pending in queue`
Contract verification status:
Response: `OK`
Details: `Pass - Verified`
Contract successfully verified
Start verifying contract `0xd3623E3574b319D76Db82A0603A98dfA995725bD` deployed on 743111

Submitting verification for [contracts/deploy/UnsupportedProtocol.sol:UnsupportedProtocol] 0xd3623E3574b319D76Db82A0603A98dfA995725bD.
Submitted contract for verification:
        Response: `OK`
        GUID: `d3623e3574b319d76db82a0603a98dfa995725bd660ecb60`
        URL:
        https://testnet.explorer.hemi.xyz/api?/address/0xd3623e3574b319d76db82a0603a98dfa995725bd
Contract verification status:
Response: `OK`
Details: `Unknown UID`
Start verifying contract `0xA18019E62f266C2E17e33398448e4105324e0d0F` deployed on 743111

Submitting verification for [contracts/UniversalRouter.sol:UniversalRouter] 0xA18019E62f266C2E17e33398448e4105324e0d0F.
Submitted contract for verification:
        Response: `OK`
        GUID: `a18019e62f266c2e17e33398448e4105324e0d0f660ecb62`
        URL:
        https://testnet.explorer.hemi.xyz/api?/address/0xa18019e62f266c2e17e33398448e4105324e0d0f
Contract verification status:
Response: `OK`
Details: `Pending in queue`
Contract verification status:
Response: `OK`
Details: `Pending in queue`
Contract verification status:
Response: `OK`
Details: `Pending in queue`
Contract verification status:
Response: `OK`
Details: `Pending in queue`
Contract verification status:
Response: `OK`
Details: `Pending in queue`
Contract verification status:
Response: `OK`
Details: `Pending in queue`
Contract verification status:
Response: `OK`
Details: `Pending in queue`
Contract verification status:
Response: `OK`
Details: `Pending in queue`
Contract verification status:
Response: `OK`
Details: `Pending in queue`

Transactions saved to: /Users/rohit/Workspace/bloq/universal-router/broadcast/DeployHemiTestnet.s.sol/743111/run-latest.json

Sensitive values saved to: /Users/rohit/Workspace/bloq/universal-router/cache/DeployHemiTestnet.s.sol/743111/run-latest.json

Error: 
Checking verification result failed:

Context:
- Verification is still pending...
